# JRE version: OpenJDK Runtime Environment Temurin-21.0.10+7 (21.0.10+7) (build 21.0.10+7-LTS)
# Java VM: OpenJDK 64-Bit Server VM Temurin-21.0.10+7 (21.0.10+7-LTS, mixed mode, sharing, tiered, compressed oops, compressed class ptrs, parallel gc, windows-amd64)
GC Precious Log:
 CardTable entry size: 512
 CPUs: 12 total, 12 available
 Memory: 7484M
 Large Page Support: Disabled
 NUMA Support: Disabled
 Compressed Oops: Enabled (32-bit)
 Alignments: Space 512K, Generation 512K, Heap 2M
 Heap Min Capacity: 100M
 Heap Initial Capacity: 100M
 Heap Max Capacity: 2G
 Pre-touch: Disabled
 Parallel Workers: 10
Heap:
 PSYoungGen      total 14336K, used 7990K [0x00000000d5580000, 0x00000000d6780000, 0x0000000100000000)
  eden space 12288K, 63% used [0x00000000d5580000,0x00000000d5d2d880,0x00000000d6180000)
  from space 2048K, 6% used [0x00000000d6380000,0x00000000d63a0000,0x00000000d6580000)
  to   space 1024K, 0% used [0x00000000d6680000,0x00000000d6680000,0x00000000d6780000)
 ParOldGen       total 68608K, used 38015K [0x0000000080000000, 0x0000000084300000, 0x00000000d5580000)
  object space 68608K, 55% used [0x0000000080000000,0x000000008251ff90,0x0000000084300000)
 Metaspace       used 46915K, committed 48128K, reserved 1114112K
  class space    used 5101K, committed 5632K, reserved 1048576K
GC Heap History (20 events):
Event: 31.509 GC heap before
{Heap before GC invocations=18 (full 2):
 PSYoungGen      total 22528K, used 22016K [0x00000000d5580000, 0x00000000d6e00000, 0x0000000100000000)
  eden space 22016K, 100% used [0x00000000d5580000,0x00000000d6b00000,0x00000000d6b00000)
  from space 512K, 0% used [0x00000000d6b00000,0x00000000d6b00000,0x00000000d6b80000)
  to   space 1536K, 0% used [0x00000000d6c80000,0x00000000d6c80000,0x00000000d6e00000)
 ParOldGen       total 68608K, used 22198K [0x0000000080000000, 0x0000000084300000, 0x00000000d5580000)
  object space 68608K, 32% used [0x0000000080000000,0x00000000815ad810,0x0000000084300000)
 Metaspace       used 37010K, committed 38144K, reserved 1114112K
  class space    used 3907K, committed 4352K, reserved 1048576K
}
Event: 31.511 GC heap after
{Heap after GC invocations=18 (full 2):
 PSYoungGen      total 23040K, used 1357K [0x00000000d5580000, 0x00000000d6f00000, 0x0000000100000000)
  eden space 21504K, 0% used [0x00000000d5580000,0x00000000d5580000,0x00000000d6a80000)
  from space 1536K, 88% used [0x00000000d6c80000,0x00000000d6dd3630,0x00000000d6e00000)
  to   space 2048K, 0% used [0x00000000d6a80000,0x00000000d6a80000,0x00000000d6c80000)
 ParOldGen       total 68608K, used 22206K [0x0000000080000000, 0x0000000084300000, 0x00000000d5580000)
  object space 68608K, 32% used [0x0000000080000000,0x00000000815af810,0x0000000084300000)
 Metaspace       used 37010K, committed 38144K, reserved 1114112K
  class space    used 3907K, committed 4352K, reserved 1048576K
}
Event: 31.700 GC heap before
{Heap before GC invocations=19 (full 2):
 PSYoungGen      total 23040K, used 22861K [0x00000000d5580000, 0x00000000d6f00000, 0x0000000100000000)
  eden space 21504K, 100% used [0x00000000d5580000,0x00000000d6a80000,0x00000000d6a80000)
  from space 1536K, 88% used [0x00000000d6c80000,0x00000000d6dd3630,0x00000000d6e00000)
  to   space 2048K, 0% used [0x00000000d6a80000,0x00000000d6a80000,0x00000000d6c80000)
 ParOldGen       total 68608K, used 22314K [0x0000000080000000, 0x0000000084300000, 0x00000000d5580000)
  object space 68608K, 32% used [0x0000000080000000,0x00000000815caa78,0x0000000084300000)
 Metaspace       used 38243K, committed 39360K, reserved 1114112K
  class space    used 4030K, committed 4480K, reserved 1048576K
}
Event: 31.703 GC heap after
{Heap after GC invocations=19 (full 2):
 PSYoungGen      total 23040K, used 1045K [0x00000000d5580000, 0x00000000d6d80000, 0x0000000100000000)
  eden space 21504K, 0% used [0x00000000d5580000,0x00000000d5580000,0x00000000d6a80000)
  from space 1536K, 68% used [0x00000000d6a80000,0x00000000d6b85540,0x00000000d6c00000)
  to   space 1536K, 0% used [0x00000000d6c00000,0x00000000d6c00000,0x00000000d6d80000)
 ParOldGen       total 68608K, used 23383K [0x0000000080000000, 0x0000000084300000, 0x00000000d5580000)
  object space 68608K, 34% used [0x0000000080000000,0x00000000816d5de0,0x0000000084300000)
 Metaspace       used 38243K, committed 39360K, reserved 1114112K
  class space    used 4030K, committed 4480K, reserved 1048576K
}
Event: 31.906 GC heap before
{Heap before GC invocations=20 (full 2):
 PSYoungGen      total 23040K, used 22549K [0x00000000d5580000, 0x00000000d6d80000, 0x0000000100000000)
  eden space 21504K, 100% used [0x00000000d5580000,0x00000000d6a80000,0x00000000d6a80000)
  from space 1536K, 68% used [0x00000000d6a80000,0x00000000d6b85540,0x00000000d6c00000)
  to   space 1536K, 0% used [0x00000000d6c00000,0x00000000d6c00000,0x00000000d6d80000)
 ParOldGen       total 68608K, used 23383K [0x0000000080000000, 0x0000000084300000, 0x00000000d5580000)
  object space 68608K, 34% used [0x0000000080000000,0x00000000816d5de0,0x0000000084300000)
 Metaspace       used 39150K, committed 40320K, reserved 1114112K
  class space    used 4150K, committed 4608K, reserved 1048576K
}
Event: 31.913 GC heap after
{Heap after GC invocations=20 (full 2):
 PSYoungGen      total 13824K, used 1504K [0x00000000d5580000, 0x00000000d7f80000, 0x0000000100000000)
  eden space 12288K, 0% used [0x00000000d5580000,0x00000000d5580000,0x00000000d6180000)
  from space 1536K, 97% used [0x00000000d6c00000,0x00000000d6d78220,0x00000000d6d80000)
  to   space 10752K, 0% used [0x00000000d6180000,0x00000000d6180000,0x00000000d6c00000)
 ParOldGen       total 68608K, used 31202K [0x0000000080000000, 0x0000000084300000, 0x00000000d5580000)
  object space 68608K, 45% used [0x0000000080000000,0x0000000081e78910,0x0000000084300000)
 Metaspace       used 39150K, committed 40320K, reserved 1114112K
  class space    used 4150K, committed 4608K, reserved 1048576K
}
Event: 32.137 GC heap before
{Heap before GC invocations=21 (full 2):
 PSYoungGen      total 13824K, used 13792K [0x00000000d5580000, 0x00000000d7f80000, 0x0000000100000000)
  eden space 12288K, 100% used [0x00000000d5580000,0x00000000d6180000,0x00000000d6180000)
  from space 1536K, 97% used [0x00000000d6c00000,0x00000000d6d78220,0x00000000d6d80000)
  to   space 10752K, 0% used [0x00000000d6180000,0x00000000d6180000,0x00000000d6c00000)
 ParOldGen       total 68608K, used 31202K [0x0000000080000000, 0x0000000084300000, 0x00000000d5580000)
  object space 68608K, 45% used [0x0000000080000000,0x0000000081e78910,0x0000000084300000)
 Metaspace       used 40371K, committed 41536K, reserved 1114112K
  class space    used 4304K, committed 4800K, reserved 1048576K
}
Event: 32.139 GC heap after
{Heap after GC invocations=21 (full 2):
 PSYoungGen      total 14336K, used 1824K [0x00000000d5580000, 0x00000000d6c80000, 0x0000000100000000)
  eden space 12288K, 0% used [0x00000000d5580000,0x00000000d5580000,0x00000000d6180000)
  from space 2048K, 89% used [0x00000000d6180000,0x00000000d6348000,0x00000000d6380000)
  to   space 4608K, 0% used [0x00000000d6800000,0x00000000d6800000,0x00000000d6c80000)
 ParOldGen       total 68608K, used 32720K [0x0000000080000000, 0x0000000084300000, 0x00000000d5580000)
  object space 68608K, 47% used [0x0000000080000000,0x0000000081ff4008,0x0000000084300000)
 Metaspace       used 40371K, committed 41536K, reserved 1114112K
  class space    used 4304K, committed 4800K, reserved 1048576K
}
Event: 32.353 GC heap before
{Heap before GC invocations=22 (full 2):
 PSYoungGen      total 14336K, used 14112K [0x00000000d5580000, 0x00000000d6c80000, 0x0000000100000000)
  eden space 12288K, 100% used [0x00000000d5580000,0x00000000d6180000,0x00000000d6180000)
  from space 2048K, 89% used [0x00000000d6180000,0x00000000d6348000,0x00000000d6380000)
  to   space 4608K, 0% used [0x00000000d6800000,0x00000000d6800000,0x00000000d6c80000)
 ParOldGen       total 68608K, used 32720K [0x0000000080000000, 0x0000000084300000, 0x00000000d5580000)
  object space 68608K, 47% used [0x0000000080000000,0x0000000081ff4008,0x0000000084300000)
 Metaspace       used 41734K, committed 42944K, reserved 1114112K
  class space    used 4478K, committed 4992K, reserved 1048576K
}
Event: 32.355 GC heap after
{Heap after GC invocations=22 (full 2):
 PSYoungGen      total 13312K, used 736K [0x00000000d5580000, 0x00000000d6900000, 0x0000000100000000)
  eden space 12288K, 0% used [0x00000000d5580000,0x00000000d5580000,0x00000000d6180000)
  from space 1024K, 71% used [0x00000000d6800000,0x00000000d68b8000,0x00000000d6900000)
  to   space 2048K, 0% used [0x00000000d6500000,0x00000000d6500000,0x00000000d6700000)
 ParOldGen       total 68608K, used 34376K [0x0000000080000000, 0x0000000084300000, 0x00000000d5580000)
  object space 68608K, 50% used [0x0000000080000000,0x0000000082192008,0x0000000084300000)
 Metaspace       used 41734K, committed 42944K, reserved 1114112K
  class space    used 4478K, committed 4992K, reserved 1048576K
}
Event: 32.645 GC heap before
{Heap before GC invocations=23 (full 2):
 PSYoungGen      total 13312K, used 13024K [0x00000000d5580000, 0x00000000d6900000, 0x0000000100000000)
  eden space 12288K, 100% used [0x00000000d5580000,0x00000000d6180000,0x00000000d6180000)
  from space 1024K, 71% used [0x00000000d6800000,0x00000000d68b8000,0x00000000d6900000)
  to   space 2048K, 0% used [0x00000000d6500000,0x00000000d6500000,0x00000000d6700000)
 ParOldGen       total 68608K, used 34376K [0x0000000080000000, 0x0000000084300000, 0x00000000d5580000)
  object space 68608K, 50% used [0x0000000080000000,0x0000000082192008,0x0000000084300000)
 Metaspace       used 43133K, committed 44352K, reserved 1114112K
  class space    used 4670K, committed 5184K, reserved 1048576K
}
Event: 32.647 GC heap after
{Heap after GC invocations=23 (full 2):
 PSYoungGen      total 14336K, used 992K [0x00000000d5580000, 0x00000000d6880000, 0x0000000100000000)
  eden space 12288K, 0% used [0x00000000d5580000,0x00000000d5580000,0x00000000d6180000)
  from space 2048K, 48% used [0x00000000d6500000,0x00000000d65f8000,0x00000000d6700000)
  to   space 1536K, 0% used [0x00000000d6700000,0x00000000d6700000,0x00000000d6880000)
 ParOldGen       total 68608K, used 34959K [0x0000000080000000, 0x0000000084300000, 0x00000000d5580000)
  object space 68608K, 50% used [0x0000000080000000,0x0000000082223d08,0x0000000084300000)
 Metaspace       used 43133K, committed 44352K, reserved 1114112K
  class space    used 4670K, committed 5184K, reserved 1048576K
}
Event: 32.972 GC heap before
{Heap before GC invocations=24 (full 2):
 PSYoungGen      total 14336K, used 13280K [0x00000000d5580000, 0x00000000d6880000, 0x0000000100000000)
  eden space 12288K, 100% used [0x00000000d5580000,0x00000000d6180000,0x00000000d6180000)
  from space 2048K, 48% used [0x00000000d6500000,0x00000000d65f8000,0x00000000d6700000)
  to   space 1536K, 0% used [0x00000000d6700000,0x00000000d6700000,0x00000000d6880000)
 ParOldGen       total 68608K, used 34959K [0x0000000080000000, 0x0000000084300000, 0x00000000d5580000)
  object space 68608K, 50% used [0x0000000080000000,0x0000000082223d08,0x0000000084300000)
 Metaspace       used 44628K, committed 45888K, reserved 1114112K
  class space    used 4863K, committed 5376K, reserved 1048576K
}
Event: 32.975 GC heap after
{Heap after GC invocations=24 (full 2):
 PSYoungGen      total 13312K, used 960K [0x00000000d5580000, 0x00000000d6800000, 0x0000000100000000)
  eden space 12288K, 0% used [0x00000000d5580000,0x00000000d5580000,0x00000000d6180000)
  from space 1024K, 93% used [0x00000000d6700000,0x00000000d67f0000,0x00000000d6800000)
  to   space 1024K, 0% used [0x00000000d6600000,0x00000000d6600000,0x00000000d6700000)
 ParOldGen       total 68608K, used 35739K [0x0000000080000000, 0x0000000084300000, 0x00000000d5580000)
  object space 68608K, 52% used [0x0000000080000000,0x00000000822e6d18,0x0000000084300000)
 Metaspace       used 44628K, committed 45888K, reserved 1114112K
  class space    used 4863K, committed 5376K, reserved 1048576K
}
Event: 39.190 GC heap before
{Heap before GC invocations=25 (full 2):
 PSYoungGen      total 13312K, used 13248K [0x00000000d5580000, 0x00000000d6800000, 0x0000000100000000)
  eden space 12288K, 100% used [0x00000000d5580000,0x00000000d6180000,0x00000000d6180000)
  from space 1024K, 93% used [0x00000000d6700000,0x00000000d67f0000,0x00000000d6800000)
  to   space 1024K, 0% used [0x00000000d6600000,0x00000000d6600000,0x00000000d6700000)
 ParOldGen       total 68608K, used 35739K [0x0000000080000000, 0x0000000084300000, 0x00000000d5580000)
  object space 68608K, 52% used [0x0000000080000000,0x00000000822e6d18,0x0000000084300000)
 Metaspace       used 45845K, committed 47168K, reserved 1114112K
  class space    used 4996K, committed 5568K, reserved 1048576K
}
Event: 39.193 GC heap after
{Heap after GC invocations=25 (full 2):
 PSYoungGen      total 13312K, used 1003K [0x00000000d5580000, 0x00000000d6780000, 0x0000000100000000)
  eden space 12288K, 0% used [0x00000000d5580000,0x00000000d5580000,0x00000000d6180000)
  from space 1024K, 98% used [0x00000000d6600000,0x00000000d66faea8,0x00000000d6700000)
  to   space 512K, 0% used [0x00000000d6700000,0x00000000d6700000,0x00000000d6780000)
 ParOldGen       total 68608K, used 36600K [0x0000000080000000, 0x0000000084300000, 0x00000000d5580000)
  object space 68608K, 53% used [0x0000000080000000,0x00000000823be3c8,0x0000000084300000)
 Metaspace       used 45845K, committed 47168K, reserved 1114112K
  class space    used 4996K, committed 5568K, reserved 1048576K
}
Event: 39.849 GC heap before
{Heap before GC invocations=26 (full 2):
 PSYoungGen      total 13312K, used 13291K [0x00000000d5580000, 0x00000000d6780000, 0x0000000100000000)
  eden space 12288K, 100% used [0x00000000d5580000,0x00000000d6180000,0x00000000d6180000)
  from space 1024K, 98% used [0x00000000d6600000,0x00000000d66faea8,0x00000000d6700000)
  to   space 512K, 0% used [0x00000000d6700000,0x00000000d6700000,0x00000000d6780000)
 ParOldGen       total 68608K, used 36600K [0x0000000080000000, 0x0000000084300000, 0x00000000d5580000)
  object space 68608K, 53% used [0x0000000080000000,0x00000000823be3c8,0x0000000084300000)
 Metaspace       used 46903K, committed 48128K, reserved 1114112K
  class space    used 5101K, committed 5632K, reserved 1048576K
}
Event: 39.851 GC heap after
{Heap after GC invocations=26 (full 2):
 PSYoungGen      total 12800K, used 512K [0x00000000d5580000, 0x00000000d6780000, 0x0000000100000000)
  eden space 12288K, 0% used [0x00000000d5580000,0x00000000d5580000,0x00000000d6180000)
  from space 512K, 100% used [0x00000000d6700000,0x00000000d6780000,0x00000000d6780000)
  to   space 2048K, 0% used [0x00000000d6380000,0x00000000d6380000,0x00000000d6580000)
 ParOldGen       total 68608K, used 37585K [0x0000000080000000, 0x0000000084300000, 0x00000000d5580000)
  object space 68608K, 54% used [0x0000000080000000,0x00000000824b47b8,0x0000000084300000)
 Metaspace       used 46903K, committed 48128K, reserved 1114112K
  class space    used 5101K, committed 5632K, reserved 1048576K
}
Event: 40.676 GC heap before
{Heap before GC invocations=27 (full 2):
 PSYoungGen      total 12800K, used 12800K [0x00000000d5580000, 0x00000000d6780000, 0x0000000100000000)
  eden space 12288K, 100% used [0x00000000d5580000,0x00000000d6180000,0x00000000d6180000)
  from space 512K, 100% used [0x00000000d6700000,0x00000000d6780000,0x00000000d6780000)
  to   space 2048K, 0% used [0x00000000d6380000,0x00000000d6380000,0x00000000d6580000)
 ParOldGen       total 68608K, used 37585K [0x0000000080000000, 0x0000000084300000, 0x00000000d5580000)
  object space 68608K, 54% used [0x0000000080000000,0x00000000824b47b8,0x0000000084300000)
 Metaspace       used 46906K, committed 48128K, reserved 1114112K
  class space    used 5101K, committed 5632K, reserved 1048576K
}
Event: 40.678 GC heap after
{Heap after GC invocations=27 (full 2):
 PSYoungGen      total 14336K, used 128K [0x00000000d5580000, 0x00000000d6780000, 0x0000000100000000)
  eden space 12288K, 0% used [0x00000000d5580000,0x00000000d5580000,0x00000000d6180000)
  from space 2048K, 6% used [0x00000000d6380000,0x00000000d63a0000,0x00000000d6580000)
  to   space 1024K, 0% used [0x00000000d6680000,0x00000000d6680000,0x00000000d6780000)
 ParOldGen       total 68608K, used 38015K [0x0000000080000000, 0x0000000084300000, 0x00000000d5580000)
  object space 68608K, 55% used [0x0000000080000000,0x000000008251ff90,0x0000000084300000)
 Metaspace       used 46906K, committed 48128K, reserved 1114112K
  class space    used 5101K, committed 5632K, reserved 1048576K
}

